<?xml version="1.0" encoding="UTF-8"?>
<coverage generated="1620135148546" clover="3.2.0">
  <project timestamp="1620135148546" name="All files">
    <metrics statements="3" coveredstatements="3" conditionals="0" coveredconditionals="0" methods="2" coveredmethods="2" elements="5" coveredelements="5" complexity="0" loc="3" ncloc="3" packages="1" files="1" classes="1"/>
    <file name="bankAccount.js" path="/Users/floradavies/Projects/makers_weekly_challenges/bank-tech-test/src/bankAccount.js">
      <metrics statements="3" coveredstatements="3" conditionals="0" coveredconditionals="0" methods="2" coveredmethods="2"/>
      <line num="4" count="2" type="stmt"/>
      <line num="8" count="1" type="stmt"/>
      <line num="13" count="1" type="stmt"/>
    </file>
  </project>
</coverage>
