{"/Users/floradavies/Projects/makers_weekly_challenges/bank-tech-test-js/src/bankAccount.js": {"path":"/Users/floradavies/Projects/makers_weekly_challenges/bank-tech-test-js/src/bankAccount.js","statementMap":{"0":{"start":{"line":1,"column":21},"end":{"line":1,"column":48}},"1":{"start":{"line":2,"column":19},"end":{"line":2,"column":44}},"2":{"start":{"line":4,"column":15},"end":{"line":4,"column":23}},"3":{"start":{"line":5,"column":14},"end":{"line":5,"column":21}},"4":{"start":{"line":10,"column":4},"end":{"line":10,"column":21}},"5":{"start":{"line":11,"column":4},"end":{"line":11,"column":37}},"6":{"start":{"line":21,"column":4},"end":{"line":21,"column":82}},"7":{"start":{"line":25,"column":4},"end":{"line":25,"column":27}},"8":{"start":{"line":26,"column":4},"end":{"line":26,"column":41}},"9":{"start":{"line":30,"column":4},"end":{"line":30,"column":27}},"10":{"start":{"line":31,"column":4},"end":{"line":31,"column":40}},"11":{"start":{"line":35,"column":4},"end":{"line":35,"column":95}},"12":{"start":{"line":40,"column":0},"end":{"line":40,"column":25}}},"fnMap":{"0":{"name":"(anonymous_0)","decl":{"start":{"line":9,"column":2},"end":{"line":9,"column":3}},"loc":{"start":{"line":9,"column":16},"end":{"line":13,"column":3}},"line":9},"1":{"name":"(anonymous_1)","decl":{"start":{"line":20,"column":2},"end":{"line":20,"column":3}},"loc":{"start":{"line":20,"column":32},"end":{"line":22,"column":3}},"line":20},"2":{"name":"(anonymous_2)","decl":{"start":{"line":24,"column":2},"end":{"line":24,"column":3}},"loc":{"start":{"line":24,"column":18},"end":{"line":27,"column":3}},"line":24},"3":{"name":"(anonymous_3)","decl":{"start":{"line":29,"column":2},"end":{"line":29,"column":3}},"loc":{"start":{"line":29,"column":19},"end":{"line":32,"column":3}},"line":29},"4":{"name":"(anonymous_4)","decl":{"start":{"line":34,"column":2},"end":{"line":34,"column":3}},"loc":{"start":{"line":34,"column":19},"end":{"line":36,"column":3}},"line":34}},"branchMap":{},"s":{"0":1,"1":1,"2":1,"3":1,"4":1,"5":1,"6":3,"7":2,"8":2,"9":1,"10":1,"11":0,"12":1},"f":{"0":1,"1":3,"2":2,"3":1,"4":0},"b":{},"_coverageSchema":"1a1c01bbd47fc00a2c39e90264f33305004495a9","hash":"6057f56c0f6b95e35e14dc9765789138995d3a8a"}
,"/Users/floradavies/Projects/makers_weekly_challenges/bank-tech-test-js/src/statement.js": {"path":"/Users/floradavies/Projects/makers_weekly_challenges/bank-tech-test-js/src/statement.js","statementMap":{"0":{"start":{"line":4,"column":4},"end":{"line":4,"column":27}},"1":{"start":{"line":8,"column":4},"end":{"line":8,"column":50}},"2":{"start":{"line":12,"column":28},"end":{"line":12,"column":30}},"3":{"start":{"line":13,"column":4},"end":{"line":20,"column":5}},"4":{"start":{"line":13,"column":18},"end":{"line":13,"column":46}},"5":{"start":{"line":14,"column":6},"end":{"line":14,"column":65}},"6":{"start":{"line":15,"column":6},"end":{"line":19,"column":7}},"7":{"start":{"line":16,"column":8},"end":{"line":16,"column":108}},"8":{"start":{"line":18,"column":8},"end":{"line":18,"column":108}},"9":{"start":{"line":21,"column":4},"end":{"line":21,"column":29}},"10":{"start":{"line":26,"column":0},"end":{"line":26,"column":27}}},"fnMap":{"0":{"name":"(anonymous_0)","decl":{"start":{"line":3,"column":2},"end":{"line":3,"column":3}},"loc":{"start":{"line":3,"column":15},"end":{"line":5,"column":3}},"line":3},"1":{"name":"(anonymous_1)","decl":{"start":{"line":7,"column":2},"end":{"line":7,"column":3}},"loc":{"start":{"line":7,"column":20},"end":{"line":9,"column":3}},"line":7},"2":{"name":"(anonymous_2)","decl":{"start":{"line":11,"column":2},"end":{"line":11,"column":3}},"loc":{"start":{"line":11,"column":23},"end":{"line":22,"column":3}},"line":11}},"branchMap":{"0":{"loc":{"start":{"line":15,"column":6},"end":{"line":19,"column":7}},"type":"if","locations":[{"start":{"line":15,"column":6},"end":{"line":19,"column":7}},{"start":{"line":15,"column":6},"end":{"line":19,"column":7}}],"line":15}},"s":{"0":1,"1":1,"2":1,"3":1,"4":1,"5":1,"6":1,"7":1,"8":0,"9":1,"10":2},"f":{"0":1,"1":1,"2":1},"b":{"0":[1,0]},"_coverageSchema":"1a1c01bbd47fc00a2c39e90264f33305004495a9","hash":"c3501f7ecfd7f2362ae14b1a79df2b44519322c3"}
,"/Users/floradavies/Projects/makers_weekly_challenges/bank-tech-test-js/src/transaction.js": {"path":"/Users/floradavies/Projects/makers_weekly_challenges/bank-tech-test-js/src/transaction.js","statementMap":{"0":{"start":{"line":6,"column":4},"end":{"line":6,"column":36}},"1":{"start":{"line":7,"column":4},"end":{"line":7,"column":38}},"2":{"start":{"line":8,"column":4},"end":{"line":8,"column":21}},"3":{"start":{"line":9,"column":4},"end":{"line":9,"column":21}},"4":{"start":{"line":14,"column":0},"end":{"line":14,"column":29}}},"fnMap":{"0":{"name":"(anonymous_0)","decl":{"start":{"line":5,"column":2},"end":{"line":5,"column":3}},"loc":{"start":{"line":5,"column":76},"end":{"line":10,"column":3}},"line":5}},"branchMap":{"0":{"loc":{"start":{"line":5,"column":37},"end":{"line":5,"column":75}},"type":"default-arg","locations":[{"start":{"line":5,"column":44},"end":{"line":5,"column":75}}],"line":5}},"s":{"0":1,"1":1,"2":1,"3":1,"4":2},"f":{"0":1},"b":{"0":[0]},"_coverageSchema":"1a1c01bbd47fc00a2c39e90264f33305004495a9","hash":"b1137af5689a008f75f217dee10bf82b6f55ff81"}
}
