TN:
SF:src/bankAccount.js
FN:8,(anonymous_0)
FN:14,(anonymous_1)
FN:18,(anonymous_2)
FN:23,(anonymous_3)
FN:33,(anonymous_4)
FN:46,(anonymous_5)
FN:50,(anonymous_6)
FNF:7
FNH:7
FNDA:4,(anonymous_0)
FNDA:4,(anonymous_1)
FNDA:4,(anonymous_2)
FNDA:2,(anonymous_3)
FNDA:2,(anonymous_4)
FNDA:1,(anonymous_5)
FNDA:2,(anonymous_6)
DA:1,1
DA:3,1
DA:4,1
DA:9,4
DA:10,4
DA:15,4
DA:19,4
DA:20,4
DA:24,2
DA:25,2
DA:26,2
DA:27,2
DA:28,2
DA:29,2
DA:30,2
DA:34,2
DA:35,2
DA:36,6
DA:37,6
DA:38,2
DA:40,4
DA:43,2
DA:47,1
DA:51,2
DA:56,1
LF:25
LH:25
BRDA:23,0,0,0
BRDA:37,1,0,2
BRDA:37,1,1,4
BRF:3
BRH:2
end_of_record
TN:
SF:src/transaction.js
FN:3,(anonymous_0)
FNF:1
FNH:1
FNDA:4,(anonymous_0)
DA:4,4
DA:5,4
DA:6,4
DA:7,4
DA:12,1
LF:5
LH:5
BRDA:3,0,0,4
BRF:1
BRH:1
end_of_record
