TN:
SF:src/bankAccount.js
FN:3,(anonymous_0)
FN:8,(anonymous_1)
FN:19,(anonymous_2)
FN:30,(anonymous_3)
FN:43,(anonymous_4)
FN:47,(anonymous_5)
FNF:6
FNH:6
FNDA:4,(anonymous_0)
FNDA:4,(anonymous_1)
FNDA:2,(anonymous_2)
FNDA:2,(anonymous_3)
FNDA:1,(anonymous_4)
FNDA:2,(anonymous_5)
DA:4,4
DA:5,4
DA:9,4
DA:10,4
DA:16,4
DA:20,2
DA:21,2
DA:27,2
DA:31,2
DA:32,2
DA:33,6
DA:34,6
DA:35,2
DA:37,4
DA:40,2
DA:44,1
DA:48,2
DA:53,1
LF:18
LH:18
BRDA:8,0,0,1
BRDA:19,1,0,0
BRDA:34,2,0,2
BRDA:34,2,1,4
BRF:4
BRH:3
end_of_record
